<?xml version="1.0" encoding="UTF-8"?>
<!-- Generated by org.testng.reporters.JUnitXMLReporter -->
<testsuite ignored="0" hostname="DISCW58ZLPC0829" failures="2" tests="3" name="Test" time="12.578" errors="0" timestamp="2023-01-23T10:05:49 IST">
  <testcase classname="allureReports.Tests" name="logoPresenceTest" time="0.099"/>
  <testcase classname="allureReports.Tests" name="registerTest" time="0.004">
    <failure type="java.lang.AssertionError" message="expected [true] but found [false]">
      <![CDATA[java.lang.AssertionError: expected [true] but found [false]
at allureReports.Tests.registerTest(Tests.java:37)
at java.base/java.util.ArrayList.forEach(ArrayList.java:1511)
... Removed 33 stack frames]]>
    </failure>
  </testcase> <!-- registerTest -->
  <testcase classname="allureReports.Tests" name="loginTest" time="1.224">
    <failure type="java.lang.AssertionError" message="expected [nopCommerce demo store] but found [nopCommerce demo store. Login]">
      <![CDATA[java.lang.AssertionError: expected [nopCommerce demo store] but found [nopCommerce demo store. Login]
at allureReports.Tests.loginTest(Tests.java:46)
at java.base/java.util.ArrayList.forEach(ArrayList.java:1511)
... Removed 33 stack frames]]>
    </failure>
  </testcase> <!-- loginTest -->
</testsuite> <!-- Test -->
